Analysis & Synthesis report for Project1
Tue Mar 21 22:01:11 2017
Quartus Prime Version 16.0.0 Build 211 04/27/2016 SJ Lite Edition


---------------------
; Table of Contents ;
---------------------
  1. Legal Notice
  2. Analysis & Synthesis Summary
  3. Analysis & Synthesis Settings
  4. Parallel Compilation
  5. Analysis & Synthesis Source Files Read
  6. Analysis & Synthesis Resource Usage Summary
  7. Analysis & Synthesis Resource Utilization by Entity
  8. Registers Removed During Synthesis
  9. General Register Statistics
 10. Multiplexer Restructuring Statistics (Restructuring Performed)
 11. Parameter Settings for User Entity Instance: Arithmetic:a1|fullAdd:a1
 12. Parameter Settings for User Entity Instance: Arithmetic:a1|fullSub:s1
 13. Parameter Settings for User Entity Instance: Arithmetic:a1|Mux:m0
 14. Parameter Settings for User Entity Instance: Logical:l1|Mux:m0
 15. Parameter Settings for User Entity Instance: Comparison:c1|Mux:m0
 16. Parameter Settings for User Entity Instance: Mux:mt
 17. Port Connectivity Checks: "Mux:mt"
 18. Port Connectivity Checks: "Comparison:c1|Mux:m0"
 19. Port Connectivity Checks: "Logical:l1|Mux:m0"
 20. Post-Synthesis Netlist Statistics for Top Partition
 21. Elapsed Time Per Partition
 22. Analysis & Synthesis Messages
 23. Analysis & Synthesis Suppressed Messages



----------------
; Legal Notice ;
----------------
Copyright (C) 1991-2016 Altera Corporation. All rights reserved.
Your use of Altera Corporation's design tools, logic functions 
and other software and tools, and its AMPP partner logic 
functions, and any output files from any of the foregoing 
(including device programming or simulation files), and any 
associated documentation or information are expressly subject 
to the terms and conditions of the Altera Program License 
Subscription Agreement, the Altera Quartus Prime License Agreement,
the Altera MegaCore Function License Agreement, or other 
applicable license agreement, including, without limitation, 
that your use is for the sole purpose of programming logic 
devices manufactured by Altera and sold by Altera or its 
authorized distributors.  Please refer to the applicable 
agreement for further details.



+----------------------------------------------------------------------------------+
; Analysis & Synthesis Summary                                                     ;
+------------------------------------+---------------------------------------------+
; Analysis & Synthesis Status        ; Successful - Tue Mar 21 22:01:11 2017       ;
; Quartus Prime Version              ; 16.0.0 Build 211 04/27/2016 SJ Lite Edition ;
; Revision Name                      ; Project1                                    ;
; Top-level Entity Name              ; top                                         ;
; Family                             ; MAX 10                                      ;
; Total logic elements               ; 248                                         ;
;     Total combinational functions  ; 248                                         ;
;     Dedicated logic registers      ; 78                                          ;
; Total registers                    ; 78                                          ;
; Total pins                         ; 47                                          ;
; Total virtual pins                 ; 0                                           ;
; Total memory bits                  ; 0                                           ;
; Embedded Multiplier 9-bit elements ; 0                                           ;
; Total PLLs                         ; 0                                           ;
; UFM blocks                         ; 0                                           ;
; ADC blocks                         ; 0                                           ;
+------------------------------------+---------------------------------------------+


+----------------------------------------------------------------------------------------------------------------------+
; Analysis & Synthesis Settings                                                                                        ;
+----------------------------------------------------------------------------+--------------------+--------------------+
; Option                                                                     ; Setting            ; Default Value      ;
+----------------------------------------------------------------------------+--------------------+--------------------+
; Device                                                                     ; 10M50DAF484I7G     ;                    ;
; Top-level entity name                                                      ; top                ; Project1           ;
; Family name                                                                ; MAX 10             ; Cyclone V          ;
; Use smart compilation                                                      ; Off                ; Off                ;
; Enable parallel Assembler and TimeQuest Timing Analyzer during compilation ; On                 ; On                 ;
; Enable compact report table                                                ; Off                ; Off                ;
; Restructure Multiplexers                                                   ; Auto               ; Auto               ;
; Create Debugging Nodes for IP Cores                                        ; Off                ; Off                ;
; Preserve fewer node names                                                  ; On                 ; On                 ;
; Disable OpenCore Plus hardware evaluation                                  ; Off                ; Off                ;
; Verilog Version                                                            ; Verilog_2001       ; Verilog_2001       ;
; VHDL Version                                                               ; VHDL_1993          ; VHDL_1993          ;
; State Machine Processing                                                   ; Auto               ; Auto               ;
; Safe State Machine                                                         ; Off                ; Off                ;
; Extract Verilog State Machines                                             ; On                 ; On                 ;
; Extract VHDL State Machines                                                ; On                 ; On                 ;
; Ignore Verilog initial constructs                                          ; Off                ; Off                ;
; Iteration limit for constant Verilog loops                                 ; 5000               ; 5000               ;
; Iteration limit for non-constant Verilog loops                             ; 250                ; 250                ;
; Add Pass-Through Logic to Inferred RAMs                                    ; On                 ; On                 ;
; Infer RAMs from Raw Logic                                                  ; On                 ; On                 ;
; Parallel Synthesis                                                         ; On                 ; On                 ;
; DSP Block Balancing                                                        ; Auto               ; Auto               ;
; NOT Gate Push-Back                                                         ; On                 ; On                 ;
; Power-Up Don't Care                                                        ; On                 ; On                 ;
; Remove Redundant Logic Cells                                               ; Off                ; Off                ;
; Remove Duplicate Registers                                                 ; On                 ; On                 ;
; Ignore CARRY Buffers                                                       ; Off                ; Off                ;
; Ignore CASCADE Buffers                                                     ; Off                ; Off                ;
; Ignore GLOBAL Buffers                                                      ; Off                ; Off                ;
; Ignore ROW GLOBAL Buffers                                                  ; Off                ; Off                ;
; Ignore LCELL Buffers                                                       ; Off                ; Off                ;
; Ignore SOFT Buffers                                                        ; On                 ; On                 ;
; Limit AHDL Integers to 32 Bits                                             ; Off                ; Off                ;
; Optimization Technique                                                     ; Balanced           ; Balanced           ;
; Carry Chain Length                                                         ; 70                 ; 70                 ;
; Auto Carry Chains                                                          ; On                 ; On                 ;
; Auto Open-Drain Pins                                                       ; On                 ; On                 ;
; Perform WYSIWYG Primitive Resynthesis                                      ; Off                ; Off                ;
; Auto ROM Replacement                                                       ; On                 ; On                 ;
; Auto RAM Replacement                                                       ; On                 ; On                 ;
; Auto DSP Block Replacement                                                 ; On                 ; On                 ;
; Auto Shift Register Replacement                                            ; Auto               ; Auto               ;
; Allow Shift Register Merging across Hierarchies                            ; Auto               ; Auto               ;
; Auto Clock Enable Replacement                                              ; On                 ; On                 ;
; Strict RAM Replacement                                                     ; Off                ; Off                ;
; Allow Synchronous Control Signals                                          ; On                 ; On                 ;
; Force Use of Synchronous Clear Signals                                     ; Off                ; Off                ;
; Auto RAM Block Balancing                                                   ; On                 ; On                 ;
; Auto RAM to Logic Cell Conversion                                          ; Off                ; Off                ;
; Auto Resource Sharing                                                      ; Off                ; Off                ;
; Allow Any RAM Size For Recognition                                         ; Off                ; Off                ;
; Allow Any ROM Size For Recognition                                         ; Off                ; Off                ;
; Allow Any Shift Register Size For Recognition                              ; Off                ; Off                ;
; Use LogicLock Constraints during Resource Balancing                        ; On                 ; On                 ;
; Ignore translate_off and synthesis_off directives                          ; Off                ; Off                ;
; Timing-Driven Synthesis                                                    ; On                 ; On                 ;
; Report Parameter Settings                                                  ; On                 ; On                 ;
; Report Source Assignments                                                  ; On                 ; On                 ;
; Report Connectivity Checks                                                 ; On                 ; On                 ;
; Ignore Maximum Fan-Out Assignments                                         ; Off                ; Off                ;
; Synchronization Register Chain Length                                      ; 2                  ; 2                  ;
; PowerPlay Power Optimization During Synthesis                              ; Normal compilation ; Normal compilation ;
; HDL message level                                                          ; Level2             ; Level2             ;
; Suppress Register Optimization Related Messages                            ; Off                ; Off                ;
; Number of Removed Registers Reported in Synthesis Report                   ; 5000               ; 5000               ;
; Number of Swept Nodes Reported in Synthesis Report                         ; 5000               ; 5000               ;
; Number of Inverted Registers Reported in Synthesis Report                  ; 100                ; 100                ;
; Clock MUX Protection                                                       ; On                 ; On                 ;
; Auto Gated Clock Conversion                                                ; Off                ; Off                ;
; Block Design Naming                                                        ; Auto               ; Auto               ;
; SDC constraint protection                                                  ; Off                ; Off                ;
; Synthesis Effort                                                           ; Auto               ; Auto               ;
; Shift Register Replacement - Allow Asynchronous Clear Signal               ; On                 ; On                 ;
; Pre-Mapping Resynthesis Optimization                                       ; Off                ; Off                ;
; Analysis & Synthesis Message Level                                         ; Medium             ; Medium             ;
; Disable Register Merging Across Hierarchies                                ; Auto               ; Auto               ;
; Resource Aware Inference For Block RAM                                     ; On                 ; On                 ;
; Synthesis Seed                                                             ; 1                  ; 1                  ;
+----------------------------------------------------------------------------+--------------------+--------------------+


Parallel compilation was disabled, but you have multiple processors available. Enable parallel compilation to reduce compilation time.
+-------------------------------------+
; Parallel Compilation                ;
+----------------------------+--------+
; Processors                 ; Number ;
+----------------------------+--------+
; Number detected on machine ; 8      ;
; Maximum allowed            ; 1      ;
+----------------------------+--------+


+------------------------------------------------------------------------------------------------------------------------------------------------------------+
; Analysis & Synthesis Source Files Read                                                                                                                     ;
+----------------------------------+-----------------+------------------------+--------------------------------------------------------------------+---------+
; File Name with User-Entered Path ; Used in Netlist ; File Type              ; File Name with Absolute Path                                       ; Library ;
+----------------------------------+-----------------+------------------------+--------------------------------------------------------------------+---------+
; SevenSegment.v                   ; yes             ; User Verilog HDL File  ; /home/sammo/Projects/DigitalLogic/Project1/Code/SevenSegment.v     ;         ;
; Logical.v                        ; yes             ; User Verilog HDL File  ; /home/sammo/Projects/DigitalLogic/Project1/Code/Logical.v          ;         ;
; top.v                            ; yes             ; User Verilog HDL File  ; /home/sammo/Projects/DigitalLogic/Project1/Code/top.v              ;         ;
; Mux.v                            ; yes             ; User Verilog HDL File  ; /home/sammo/Projects/DigitalLogic/Project1/Code/Mux.v              ;         ;
; Comparison.v                     ; yes             ; User Verilog HDL File  ; /home/sammo/Projects/DigitalLogic/Project1/Code/Comparison.v       ;         ;
; Arithmatic.v                     ; yes             ; User Verilog HDL File  ; /home/sammo/Projects/DigitalLogic/Project1/Code/Arithmatic.v       ;         ;
; Magic.v                          ; yes             ; User Verilog HDL File  ; /home/sammo/Projects/DigitalLogic/Project1/Code/Magic.v            ;         ;
; SevenSegmentMode.v               ; yes             ; User Verilog HDL File  ; /home/sammo/Projects/DigitalLogic/Project1/Code/SevenSegmentMode.v ;         ;
+----------------------------------+-----------------+------------------------+--------------------------------------------------------------------+---------+


+---------------------------------------------------------------------+
; Analysis & Synthesis Resource Usage Summary                         ;
+---------------------------------------------+-----------------------+
; Resource                                    ; Usage                 ;
+---------------------------------------------+-----------------------+
; Estimated Total logic elements              ; 248                   ;
;                                             ;                       ;
; Total combinational functions               ; 248                   ;
; Logic element usage by number of LUT inputs ;                       ;
;     -- 4 input functions                    ; 108                   ;
;     -- 3 input functions                    ; 93                    ;
;     -- <=2 input functions                  ; 47                    ;
;                                             ;                       ;
; Logic elements by mode                      ;                       ;
;     -- normal mode                          ; 155                   ;
;     -- arithmetic mode                      ; 93                    ;
;                                             ;                       ;
; Total registers                             ; 78                    ;
;     -- Dedicated logic registers            ; 78                    ;
;     -- I/O registers                        ; 0                     ;
;                                             ;                       ;
; I/O pins                                    ; 47                    ;
;                                             ;                       ;
; Embedded Multiplier 9-bit elements          ; 0                     ;
;                                             ;                       ;
; Maximum fan-out node                        ; Magic:m1|direction[1] ;
; Maximum fan-out                             ; 63                    ;
; Total fan-out                               ; 1036                  ;
; Average fan-out                             ; 2.47                  ;
+---------------------------------------------+-----------------------+


+--------------------------------------------------------------------------------------------------------------------------------------------------------------------------------------------------------------------------------------------------------------------------------------+
; Analysis & Synthesis Resource Utilization by Entity                                                                                                                                                                                                                                  ;
+---------------------------------------------+-------------------+--------------+-------------+------------+--------------+---------+-----------+------+--------------+------------+----------------------------------------------------------------+------------------+--------------+
; Compilation Hierarchy Node                  ; LC Combinationals ; LC Registers ; Memory Bits ; UFM Blocks ; DSP Elements ; DSP 9x9 ; DSP 18x18 ; Pins ; Virtual Pins ; ADC blocks ; Full Hierarchy Name                                            ; Entity Name      ; Library Name ;
+---------------------------------------------+-------------------+--------------+-------------+------------+--------------+---------+-----------+------+--------------+------------+----------------------------------------------------------------+------------------+--------------+
; |top                                        ; 248 (13)          ; 78 (2)       ; 0           ; 0          ; 0            ; 0       ; 0         ; 47   ; 0            ; 0          ; |top                                                           ; top              ; work         ;
;    |Arithmetic:a1|                          ; 12 (0)            ; 0 (0)        ; 0           ; 0          ; 0            ; 0       ; 0         ; 0    ; 0            ; 0          ; |top|Arithmetic:a1                                             ; Arithmetic       ; work         ;
;       |Mux:m0|                              ; 5 (5)             ; 0 (0)        ; 0           ; 0          ; 0            ; 0       ; 0         ; 0    ; 0            ; 0          ; |top|Arithmetic:a1|Mux:m0                                      ; Mux              ; work         ;
;       |fullAdd:a1|                          ; 3 (0)             ; 0 (0)        ; 0           ; 0          ; 0            ; 0       ; 0         ; 0    ; 0            ; 0          ; |top|Arithmetic:a1|fullAdd:a1                                  ; fullAdd          ; work         ;
;          |bAdd:obligatorynamehere[1].stage| ; 2 (2)             ; 0 (0)        ; 0           ; 0          ; 0            ; 0       ; 0         ; 0    ; 0            ; 0          ; |top|Arithmetic:a1|fullAdd:a1|bAdd:obligatorynamehere[1].stage ; bAdd             ; work         ;
;          |bAdd:obligatorynamehere[3].stage| ; 1 (1)             ; 0 (0)        ; 0           ; 0          ; 0            ; 0       ; 0         ; 0    ; 0            ; 0          ; |top|Arithmetic:a1|fullAdd:a1|bAdd:obligatorynamehere[3].stage ; bAdd             ; work         ;
;       |fullSub:s1|                          ; 4 (4)             ; 0 (0)        ; 0           ; 0          ; 0            ; 0       ; 0         ; 0    ; 0            ; 0          ; |top|Arithmetic:a1|fullSub:s1                                  ; fullSub          ; work         ;
;    |Comparison:c1|                          ; 11 (0)            ; 0 (0)        ; 0           ; 0          ; 0            ; 0       ; 0         ; 0    ; 0            ; 0          ; |top|Comparison:c1                                             ; Comparison       ; work         ;
;       |Mux:m0|                              ; 2 (2)             ; 0 (0)        ; 0           ; 0          ; 0            ; 0       ; 0         ; 0    ; 0            ; 0          ; |top|Comparison:c1|Mux:m0                                      ; Mux              ; work         ;
;       |bEqual:a1|                           ; 3 (3)             ; 0 (0)        ; 0           ; 0          ; 0            ; 0       ; 0         ; 0    ; 0            ; 0          ; |top|Comparison:c1|bEqual:a1                                   ; bEqual           ; work         ;
;       |bLess:x1|                            ; 2 (2)             ; 0 (0)        ; 0           ; 0          ; 0            ; 0       ; 0         ; 0    ; 0            ; 0          ; |top|Comparison:c1|bLess:x1                                    ; bLess            ; work         ;
;       |bMax:n1|                             ; 4 (1)             ; 0 (0)        ; 0           ; 0          ; 0            ; 0       ; 0         ; 0    ; 0            ; 0          ; |top|Comparison:c1|bMax:n1                                     ; bMax             ; work         ;
;          |bGreater:bG|                      ; 3 (3)             ; 0 (0)        ; 0           ; 0          ; 0            ; 0       ; 0         ; 0    ; 0            ; 0          ; |top|Comparison:c1|bMax:n1|bGreater:bG                         ; bGreater         ; work         ;
;    |Logical:l1|                             ; 1 (0)             ; 0 (0)        ; 0           ; 0          ; 0            ; 0       ; 0         ; 0    ; 0            ; 0          ; |top|Logical:l1                                                ; Logical          ; work         ;
;       |Mux:m0|                              ; 1 (1)             ; 0 (0)        ; 0           ; 0          ; 0            ; 0       ; 0         ; 0    ; 0            ; 0          ; |top|Logical:l1|Mux:m0                                         ; Mux              ; work         ;
;    |Magic:m1|                               ; 160 (160)         ; 76 (76)      ; 0           ; 0          ; 0            ; 0       ; 0         ; 0    ; 0            ; 0          ; |top|Magic:m1                                                  ; Magic            ; work         ;
;    |Mux:mt|                                 ; 35 (35)           ; 0 (0)        ; 0           ; 0          ; 0            ; 0       ; 0         ; 0    ; 0            ; 0          ; |top|Mux:mt                                                    ; Mux              ; work         ;
;    |sevenSegment:s0|                        ; 7 (7)             ; 0 (0)        ; 0           ; 0          ; 0            ; 0       ; 0         ; 0    ; 0            ; 0          ; |top|sevenSegment:s0                                           ; sevenSegment     ; work         ;
;    |sevenSegment:s1|                        ; 7 (7)             ; 0 (0)        ; 0           ; 0          ; 0            ; 0       ; 0         ; 0    ; 0            ; 0          ; |top|sevenSegment:s1                                           ; sevenSegment     ; work         ;
;    |sevenSegmentMode:sM|                    ; 2 (2)             ; 0 (0)        ; 0           ; 0          ; 0            ; 0       ; 0         ; 0    ; 0            ; 0          ; |top|sevenSegmentMode:sM                                       ; sevenSegmentMode ; work         ;
+---------------------------------------------+-------------------+--------------+-------------+------------+--------------+---------+-----------+------+--------------+------------+----------------------------------------------------------------+------------------+--------------+
Note: For table entries with two numbers listed, the numbers in parentheses indicate the number of resources of the given type used by the specific entity alone. The numbers listed outside of parentheses indicate the total resources of the given type used by the specific entity and all of its sub-entities in the hierarchy.


+---------------------------------------------------------------------------------+
; Registers Removed During Synthesis                                              ;
+----------------------------------------+----------------------------------------+
; Register name                          ; Reason for Removal                     ;
+----------------------------------------+----------------------------------------+
; Magic:m1|direction[2..31]              ; Merged with Magic:m1|direction[1]      ;
; Magic:m1|direction[0]                  ; Stuck at VCC due to stuck port data_in ;
; Total Number of Removed Registers = 31 ;                                        ;
+----------------------------------------+----------------------------------------+


+------------------------------------------------------+
; General Register Statistics                          ;
+----------------------------------------------+-------+
; Statistic                                    ; Value ;
+----------------------------------------------+-------+
; Total registers                              ; 78    ;
; Number of registers using Synchronous Clear  ; 0     ;
; Number of registers using Synchronous Load   ; 0     ;
; Number of registers using Asynchronous Clear ; 0     ;
; Number of registers using Asynchronous Load  ; 0     ;
; Number of registers using Clock Enable       ; 0     ;
; Number of registers using Preset             ; 0     ;
+----------------------------------------------+-------+


+------------------------------------------------------------------------------------------------------------------------------------------+
; Multiplexer Restructuring Statistics (Restructuring Performed)                                                                           ;
+--------------------+-----------+---------------+----------------------+------------------------+------------+----------------------------+
; Multiplexer Inputs ; Bus Width ; Baseline Area ; Area if Restructured ; Saving if Restructured ; Registered ; Example Multiplexer Output ;
+--------------------+-----------+---------------+----------------------+------------------------+------------+----------------------------+
; 3:1                ; 2 bits    ; 4 LEs         ; 2 LEs                ; 2 LEs                  ; Yes        ; |top|Magic:m1|direction[1] ;
; 7:1                ; 3 bits    ; 12 LEs        ; 12 LEs               ; 0 LEs                  ; No         ; |top|Mux:mt|Mux2           ;
; 12:1               ; 3 bits    ; 24 LEs        ; 21 LEs               ; 3 LEs                  ; No         ; |top|Mux:mt|Mux5           ;
+--------------------+-----------+---------------+----------------------+------------------------+------------+----------------------------+


+-----------------------------------------------------------------------+
; Parameter Settings for User Entity Instance: Arithmetic:a1|fullAdd:a1 ;
+----------------+-------+----------------------------------------------+
; Parameter Name ; Value ; Type                                         ;
+----------------+-------+----------------------------------------------+
; N              ; 4     ; Signed Integer                               ;
+----------------+-------+----------------------------------------------+
Note: In order to hide this table in the UI and the text report file, please set the "Show Parameter Settings in Synthesis Report" option in "Analysis and Synthesis Settings -> More Settings" to "Off".


+-----------------------------------------------------------------------+
; Parameter Settings for User Entity Instance: Arithmetic:a1|fullSub:s1 ;
+----------------+-------+----------------------------------------------+
; Parameter Name ; Value ; Type                                         ;
+----------------+-------+----------------------------------------------+
; N              ; 4     ; Signed Integer                               ;
+----------------+-------+----------------------------------------------+
Note: In order to hide this table in the UI and the text report file, please set the "Show Parameter Settings in Synthesis Report" option in "Analysis and Synthesis Settings -> More Settings" to "Off".


+-------------------------------------------------------------------+
; Parameter Settings for User Entity Instance: Arithmetic:a1|Mux:m0 ;
+----------------+-------+------------------------------------------+
; Parameter Name ; Value ; Type                                     ;
+----------------+-------+------------------------------------------+
; WIDTH          ; 9     ; Signed Integer                           ;
+----------------+-------+------------------------------------------+
Note: In order to hide this table in the UI and the text report file, please set the "Show Parameter Settings in Synthesis Report" option in "Analysis and Synthesis Settings -> More Settings" to "Off".


+----------------------------------------------------------------+
; Parameter Settings for User Entity Instance: Logical:l1|Mux:m0 ;
+----------------+-------+---------------------------------------+
; Parameter Name ; Value ; Type                                  ;
+----------------+-------+---------------------------------------+
; WIDTH          ; 8     ; Signed Integer                        ;
+----------------+-------+---------------------------------------+
Note: In order to hide this table in the UI and the text report file, please set the "Show Parameter Settings in Synthesis Report" option in "Analysis and Synthesis Settings -> More Settings" to "Off".


+-------------------------------------------------------------------+
; Parameter Settings for User Entity Instance: Comparison:c1|Mux:m0 ;
+----------------+-------+------------------------------------------+
; Parameter Name ; Value ; Type                                     ;
+----------------+-------+------------------------------------------+
; WIDTH          ; 8     ; Signed Integer                           ;
+----------------+-------+------------------------------------------+
Note: In order to hide this table in the UI and the text report file, please set the "Show Parameter Settings in Synthesis Report" option in "Analysis and Synthesis Settings -> More Settings" to "Off".


+-----------------------------------------------------+
; Parameter Settings for User Entity Instance: Mux:mt ;
+----------------+-------+----------------------------+
; Parameter Name ; Value ; Type                       ;
+----------------+-------+----------------------------+
; WIDTH          ; 9     ; Signed Integer             ;
+----------------+-------+----------------------------+
Note: In order to hide this table in the UI and the text report file, please set the "Show Parameter Settings in Synthesis Report" option in "Analysis and Synthesis Settings -> More Settings" to "Off".


+---------------------------------------------------------------------------------------------------------------------------------------------------------------------+
; Port Connectivity Checks: "Mux:mt"                                                                                                                                  ;
+------+-------+----------+-------------------------------------------------------------------------------------------------------------------------------------------+
; Port ; Type  ; Severity ; Details                                                                                                                                   ;
+------+-------+----------+-------------------------------------------------------------------------------------------------------------------------------------------+
; b    ; Input ; Warning  ; Input port expression (8 bits) is smaller than the input port (9 bits) it drives.  Extra input bit(s) "b[8..8]" will be connected to GND. ;
; c    ; Input ; Warning  ; Input port expression (8 bits) is smaller than the input port (9 bits) it drives.  Extra input bit(s) "c[8..8]" will be connected to GND. ;
; d    ; Input ; Warning  ; Input port expression (1 bits) is smaller than the input port (9 bits) it drives.  Extra input bit(s) "d[8..1]" will be connected to GND. ;
; d    ; Input ; Info     ; Stuck at GND                                                                                                                              ;
+------+-------+----------+-------------------------------------------------------------------------------------------------------------------------------------------+


+---------------------------------------------------------------------------------------------------------------------------------------------------------------------+
; Port Connectivity Checks: "Comparison:c1|Mux:m0"                                                                                                                    ;
+------+-------+----------+-------------------------------------------------------------------------------------------------------------------------------------------+
; Port ; Type  ; Severity ; Details                                                                                                                                   ;
+------+-------+----------+-------------------------------------------------------------------------------------------------------------------------------------------+
; a    ; Input ; Warning  ; Input port expression (1 bits) is smaller than the input port (8 bits) it drives.  Extra input bit(s) "a[7..1]" will be connected to GND. ;
; b    ; Input ; Warning  ; Input port expression (1 bits) is smaller than the input port (8 bits) it drives.  Extra input bit(s) "b[7..1]" will be connected to GND. ;
; c    ; Input ; Warning  ; Input port expression (1 bits) is smaller than the input port (8 bits) it drives.  Extra input bit(s) "c[7..1]" will be connected to GND. ;
; d    ; Input ; Warning  ; Input port expression (4 bits) is smaller than the input port (8 bits) it drives.  Extra input bit(s) "d[7..4]" will be connected to GND. ;
+------+-------+----------+-------------------------------------------------------------------------------------------------------------------------------------------+


+---------------------------------------------------------------------------------------------------------------------------------------------------------------------+
; Port Connectivity Checks: "Logical:l1|Mux:m0"                                                                                                                       ;
+------+-------+----------+-------------------------------------------------------------------------------------------------------------------------------------------+
; Port ; Type  ; Severity ; Details                                                                                                                                   ;
+------+-------+----------+-------------------------------------------------------------------------------------------------------------------------------------------+
; a    ; Input ; Warning  ; Input port expression (4 bits) is smaller than the input port (8 bits) it drives.  Extra input bit(s) "a[7..4]" will be connected to GND. ;
; b    ; Input ; Warning  ; Input port expression (4 bits) is smaller than the input port (8 bits) it drives.  Extra input bit(s) "b[7..4]" will be connected to GND. ;
; c    ; Input ; Warning  ; Input port expression (4 bits) is smaller than the input port (8 bits) it drives.  Extra input bit(s) "c[7..4]" will be connected to GND. ;
+------+-------+----------+-------------------------------------------------------------------------------------------------------------------------------------------+


+-----------------------------------------------------+
; Post-Synthesis Netlist Statistics for Top Partition ;
+-----------------------+-----------------------------+
; Type                  ; Count                       ;
+-----------------------+-----------------------------+
; boundary_port         ; 47                          ;
; cycloneiii_ff         ; 78                          ;
;     plain             ; 78                          ;
; cycloneiii_lcell_comb ; 252                         ;
;     arith             ; 93                          ;
;         2 data inputs ; 33                          ;
;         3 data inputs ; 60                          ;
;     normal            ; 159                         ;
;         0 data inputs ; 1                           ;
;         1 data inputs ; 6                           ;
;         2 data inputs ; 11                          ;
;         3 data inputs ; 33                          ;
;         4 data inputs ; 108                         ;
;                       ;                             ;
; Max LUT depth         ; 10.00                       ;
; Average LUT depth     ; 5.44                        ;
+-----------------------+-----------------------------+


+-------------------------------+
; Elapsed Time Per Partition    ;
+----------------+--------------+
; Partition Name ; Elapsed Time ;
+----------------+--------------+
; Top            ; 00:00:00     ;
+----------------+--------------+


+-------------------------------+
; Analysis & Synthesis Messages ;
+-------------------------------+
Info: *******************************************************************
Info: Running Quartus Prime Analysis & Synthesis
    Info: Version 16.0.0 Build 211 04/27/2016 SJ Lite Edition
    Info: Processing started: Tue Mar 21 22:01:02 2017
Info: Command: quartus_map --read_settings_files=on --write_settings_files=off Project1 -c Project1
Info (16303): Aggressive Area optimization mode selected -- logic area will be prioritized at the potential cost of reduced timing performance
Warning (20028): Parallel compilation is not licensed and has been disabled
Info (12021): Found 1 design units, including 1 entities, in source file SevenSegment.v
    Info (12023): Found entity 1: sevenSegment File: /home/sammo/Projects/DigitalLogic/Project1/Code/SevenSegment.v Line: 1
Info (12021): Found 5 design units, including 5 entities, in source file Logical.v
    Info (12023): Found entity 1: Logical File: /home/sammo/Projects/DigitalLogic/Project1/Code/Logical.v Line: 1
    Info (12023): Found entity 2: bAnd File: /home/sammo/Projects/DigitalLogic/Project1/Code/Logical.v Line: 26
    Info (12023): Found entity 3: bOr File: /home/sammo/Projects/DigitalLogic/Project1/Code/Logical.v Line: 33
    Info (12023): Found entity 4: bXor File: /home/sammo/Projects/DigitalLogic/Project1/Code/Logical.v Line: 40
    Info (12023): Found entity 5: bNot File: /home/sammo/Projects/DigitalLogic/Project1/Code/Logical.v Line: 47
Info (12021): Found 1 design units, including 1 entities, in source file top.v
    Info (12023): Found entity 1: top File: /home/sammo/Projects/DigitalLogic/Project1/Code/top.v Line: 1
Warning (12090): Entity "Mux" obtained from "Mux.v" instead of from Quartus Prime megafunction library File: /home/sammo/Projects/DigitalLogic/Project1/Code/Mux.v Line: 1
Info (12021): Found 1 design units, including 1 entities, in source file Mux.v
    Info (12023): Found entity 1: Mux File: /home/sammo/Projects/DigitalLogic/Project1/Code/Mux.v Line: 1
Info (12021): Found 5 design units, including 5 entities, in source file Comparison.v
    Info (12023): Found entity 1: Comparison File: /home/sammo/Projects/DigitalLogic/Project1/Code/Comparison.v Line: 1
    Info (12023): Found entity 2: bEqual File: /home/sammo/Projects/DigitalLogic/Project1/Code/Comparison.v Line: 22
    Info (12023): Found entity 3: bGreater File: /home/sammo/Projects/DigitalLogic/Project1/Code/Comparison.v Line: 29
    Info (12023): Found entity 4: bLess File: /home/sammo/Projects/DigitalLogic/Project1/Code/Comparison.v Line: 36
    Info (12023): Found entity 5: bMax File: /home/sammo/Projects/DigitalLogic/Project1/Code/Comparison.v Line: 43
Info (12021): Found 6 design units, including 6 entities, in source file Arithmatic.v
    Info (12023): Found entity 1: Arithmetic File: /home/sammo/Projects/DigitalLogic/Project1/Code/Arithmatic.v Line: 1
    Info (12023): Found entity 2: bAdd File: /home/sammo/Projects/DigitalLogic/Project1/Code/Arithmatic.v Line: 27
    Info (12023): Found entity 3: fullAdd File: /home/sammo/Projects/DigitalLogic/Project1/Code/Arithmatic.v Line: 39
    Info (12023): Found entity 4: fullSub File: /home/sammo/Projects/DigitalLogic/Project1/Code/Arithmatic.v Line: 62
    Info (12023): Found entity 5: bMull File: /home/sammo/Projects/DigitalLogic/Project1/Code/Arithmatic.v Line: 86
    Info (12023): Found entity 6: bDiv File: /home/sammo/Projects/DigitalLogic/Project1/Code/Arithmatic.v Line: 97
Info (12021): Found 1 design units, including 1 entities, in source file Magic.v
    Info (12023): Found entity 1: Magic File: /home/sammo/Projects/DigitalLogic/Project1/Code/Magic.v Line: 1
Info (12021): Found 1 design units, including 1 entities, in source file SevenSegmentMode.v
    Info (12023): Found entity 1: sevenSegmentMode File: /home/sammo/Projects/DigitalLogic/Project1/Code/SevenSegmentMode.v Line: 1
Info (12127): Elaborating entity "top" for the top level hierarchy
Info (12128): Elaborating entity "Arithmetic" for hierarchy "Arithmetic:a1" File: /home/sammo/Projects/DigitalLogic/Project1/Code/top.v Line: 24
Info (12128): Elaborating entity "fullAdd" for hierarchy "Arithmetic:a1|fullAdd:a1" File: /home/sammo/Projects/DigitalLogic/Project1/Code/Arithmatic.v Line: 12
Info (12128): Elaborating entity "bAdd" for hierarchy "Arithmetic:a1|fullAdd:a1|bAdd:obligatorynamehere[0].stage" File: /home/sammo/Projects/DigitalLogic/Project1/Code/Arithmatic.v Line: 52
Info (12128): Elaborating entity "fullSub" for hierarchy "Arithmetic:a1|fullSub:s1" File: /home/sammo/Projects/DigitalLogic/Project1/Code/Arithmatic.v Line: 15
Info (12128): Elaborating entity "bMull" for hierarchy "Arithmetic:a1|bMull:c1" File: /home/sammo/Projects/DigitalLogic/Project1/Code/Arithmatic.v Line: 18
Info (12128): Elaborating entity "bDiv" for hierarchy "Arithmetic:a1|bDiv:d1" File: /home/sammo/Projects/DigitalLogic/Project1/Code/Arithmatic.v Line: 21
Info (12128): Elaborating entity "Mux" for hierarchy "Arithmetic:a1|Mux:m0" File: /home/sammo/Projects/DigitalLogic/Project1/Code/Arithmatic.v Line: 23
Info (12128): Elaborating entity "Logical" for hierarchy "Logical:l1" File: /home/sammo/Projects/DigitalLogic/Project1/Code/top.v Line: 27
Info (12128): Elaborating entity "bAnd" for hierarchy "Logical:l1|bAnd:a1" File: /home/sammo/Projects/DigitalLogic/Project1/Code/Logical.v Line: 12
Info (12128): Elaborating entity "bOr" for hierarchy "Logical:l1|bOr:o1" File: /home/sammo/Projects/DigitalLogic/Project1/Code/Logical.v Line: 15
Info (12128): Elaborating entity "bXor" for hierarchy "Logical:l1|bXor:x1" File: /home/sammo/Projects/DigitalLogic/Project1/Code/Logical.v Line: 18
Info (12128): Elaborating entity "bNot" for hierarchy "Logical:l1|bNot:n1" File: /home/sammo/Projects/DigitalLogic/Project1/Code/Logical.v Line: 21
Info (12128): Elaborating entity "Mux" for hierarchy "Logical:l1|Mux:m0" File: /home/sammo/Projects/DigitalLogic/Project1/Code/Logical.v Line: 23
Info (12128): Elaborating entity "Comparison" for hierarchy "Comparison:c1" File: /home/sammo/Projects/DigitalLogic/Project1/Code/top.v Line: 30
Info (12128): Elaborating entity "bEqual" for hierarchy "Comparison:c1|bEqual:a1" File: /home/sammo/Projects/DigitalLogic/Project1/Code/Comparison.v Line: 8
Info (12128): Elaborating entity "bGreater" for hierarchy "Comparison:c1|bGreater:o1" File: /home/sammo/Projects/DigitalLogic/Project1/Code/Comparison.v Line: 11
Info (12128): Elaborating entity "bLess" for hierarchy "Comparison:c1|bLess:x1" File: /home/sammo/Projects/DigitalLogic/Project1/Code/Comparison.v Line: 14
Info (12128): Elaborating entity "bMax" for hierarchy "Comparison:c1|bMax:n1" File: /home/sammo/Projects/DigitalLogic/Project1/Code/Comparison.v Line: 17
Info (12128): Elaborating entity "Magic" for hierarchy "Magic:m1" File: /home/sammo/Projects/DigitalLogic/Project1/Code/top.v Line: 33
Warning (10858): Verilog HDL warning at Magic.v(5): object reset used but never assigned File: /home/sammo/Projects/DigitalLogic/Project1/Code/Magic.v Line: 5
Warning (10030): Net "reset" at Magic.v(5) has no driver or initial value, using a default initial value '0' File: /home/sammo/Projects/DigitalLogic/Project1/Code/Magic.v Line: 5
Info (12128): Elaborating entity "sevenSegmentMode" for hierarchy "sevenSegmentMode:sM" File: /home/sammo/Projects/DigitalLogic/Project1/Code/top.v Line: 38
Info (12128): Elaborating entity "sevenSegment" for hierarchy "sevenSegment:s0" File: /home/sammo/Projects/DigitalLogic/Project1/Code/top.v Line: 39
Warning (12241): 3 hierarchies have connectivity warnings - see the Connectivity Checks report folder
Warning (13024): Output pins are stuck at VCC or GND
    Warning (13410): Pin "HEX0[7]" is stuck at VCC File: /home/sammo/Projects/DigitalLogic/Project1/Code/top.v Line: 6
    Warning (13410): Pin "HEX1[7]" is stuck at VCC File: /home/sammo/Projects/DigitalLogic/Project1/Code/top.v Line: 7
    Warning (13410): Pin "HEX5[7]" is stuck at VCC File: /home/sammo/Projects/DigitalLogic/Project1/Code/top.v Line: 8
Info (286030): Timing-Driven Synthesis is running
Info (144001): Generated suppressed messages file /home/sammo/Projects/DigitalLogic/Project1/Code/output_files/Project1.map.smsg
Info (16010): Generating hard_block partition "hard_block:auto_generated_inst"
    Info (16011): Adding 0 node(s), including 0 DDIO, 0 PLL, 0 transceiver and 0 LCELL
Info (21057): Implemented 295 device resources after synthesis - the final resource count might be different
    Info (21058): Implemented 13 input pins
    Info (21059): Implemented 34 output pins
    Info (21061): Implemented 248 logic cells
Info: Quartus Prime Analysis & Synthesis was successful. 0 errors, 9 warnings
    Info: Peak virtual memory: 1232 megabytes
    Info: Processing ended: Tue Mar 21 22:01:11 2017
    Info: Elapsed time: 00:00:09
    Info: Total CPU time (on all processors): 00:00:21


+------------------------------------------+
; Analysis & Synthesis Suppressed Messages ;
+------------------------------------------+
The suppressed messages can be found in /home/sammo/Projects/DigitalLogic/Project1/Code/output_files/Project1.map.smsg.


